<?xml version="1.0" encoding="UTF-8"?>
<!-- Generated by org.testng.reporters.JUnitReportReporter -->
<testsuite hostname="TYSS-Apoorva" failures="0" tests="1" name="testScript.To_lunch_Maybelline" time="3.350" errors="0" timestamp="2024-02-16T12:48:53 IST" skipped="0">
  <testcase classname="testScript.To_lunch_Maybelline" name="maybelline" time="3.350"/>
  <system-out/>
</testsuite> <!-- testScript.To_lunch_Maybelline -->
