<?xml version="1.0" encoding="UTF-8"?>
<!-- Generated by org.testng.reporters.JUnitReportReporter -->
<testsuite hostname="TYSS-Apoorva" failures="0" tests="1" name="testScript.To_Iunch_Lorealparis" time="3.995" errors="0" timestamp="2024-02-16T12:48:53 IST" skipped="0">
  <testcase classname="testScript.To_Iunch_Lorealparis" name="lorealparis" time="3.995"/>
  <system-out/>
</testsuite> <!-- testScript.To_Iunch_Lorealparis -->
