<?xml version="1.0" encoding="UTF-8"?>
<!-- Generated by org.testng.reporters.JUnitReportReporter -->
<testsuite hostname="TYSS-Apoorva" failures="0" tests="2" name="workingWithUnitTestingTool.WorkingWithEnable" time="0.014" errors="0" timestamp="2024-02-16T10:24:27 IST" skipped="1">
  <testcase classname="workingWithUnitTestingTool.WorkingWithEnable" name="ragitser" time="0.014"/>
  <system-out/>
  <testcase classname="workingWithUnitTestingTool.WorkingWithEnable" name="logOut">
    <skipped/>
  </testcase> <!-- logOut -->
  <system-out/>
</testsuite> <!-- workingWithUnitTestingTool.WorkingWithEnable -->
