<?xml version="1.0" encoding="UTF-8"?>
<!-- Generated by org.testng.reporters.JUnitReportReporter -->
<testsuite hostname="TYSS-Apoorva" failures="0" tests="1" name="testScript.To_lunch_Lakme" time="14.947" errors="0" timestamp="2024-02-16T12:48:53 IST" skipped="0">
  <testcase classname="testScript.To_lunch_Lakme" name="lakmeindia" time="14.947"/>
  <system-out/>
</testsuite> <!-- testScript.To_lunch_Lakme -->
