<?xml version="1.0" encoding="UTF-8"?>
<!-- Generated by org.testng.reporters.JUnitReportReporter -->
<testsuite hostname="TYSS-Apoorva" failures="0" tests="1" name="testScript.To_lunch_DemoWebshop" time="4.299" errors="0" timestamp="2024-02-16T12:49:54 IST" skipped="0">
  <testcase classname="testScript.To_lunch_DemoWebshop" name="demoWebshop" time="4.299"/>
  <system-out/>
</testsuite> <!-- testScript.To_lunch_DemoWebshop -->
